[2020-01-07T14:23:58+07:00] info: "Server up..."
[2020-01-07T14:23:58+07:00] info: "http://localhost:3001/"
[2020-01-07T14:23:58+07:00] error: "password authentication failed for user \"postgres\""
[2020-01-07T14:24:36+07:00] info: "Server up..."
[2020-01-07T14:24:36+07:00] info: "http://localhost:3001/"
[2020-01-07T14:24:36+07:00] info: "db connected"
[2020-01-07T14:27:58+07:00] info: "Server up..."
[2020-01-07T14:27:58+07:00] info: "http://localhost:3001/"
[2020-01-07T14:27:58+07:00] info: "db connected"
[2020-01-07T14:36:15+07:00] info: "Server up..."
[2020-01-07T14:36:15+07:00] info: "http://localhost:3001/"
[2020-01-07T14:36:15+07:00] info: "db connected"
[2020-01-07T14:36:58+07:00] info: "Server up..."
[2020-01-07T14:36:58+07:00] info: "http://localhost:3001/"
[2020-01-07T14:36:58+07:00] info: "db connected"
[2020-01-07T14:37:01+07:00] info: "Server up..."
[2020-01-07T14:37:01+07:00] info: "http://localhost:3001/"
[2020-01-07T14:37:01+07:00] info: "db connected"
[2020-01-07T14:37:02+07:00] info: "Server up..."
[2020-01-07T14:37:02+07:00] info: "http://localhost:3001/"
[2020-01-07T14:37:02+07:00] info: "db connected"
[2020-01-07T14:37:13+07:00] info: "server is starting cleanup"
[2020-01-07T15:25:01+07:00] info: "Server up..."
[2020-01-07T15:25:01+07:00] info: "http://localhost:3001/"
[2020-01-07T15:25:01+07:00] info: "db connected"
[2020-01-07T15:25:19+07:00] info: "Server up..."
[2020-01-07T15:25:19+07:00] info: "http://localhost:3001/"
[2020-01-07T15:25:19+07:00] info: "db connected"
[2020-01-07T15:25:23+07:00] info: "Server up..."
[2020-01-07T15:25:23+07:00] info: "http://localhost:3001/"
[2020-01-07T15:25:23+07:00] info: "db connected"
[2020-01-07T15:25:32+07:00] info: "Server up..."
[2020-01-07T15:25:32+07:00] info: "http://localhost:3001/"
[2020-01-07T15:25:32+07:00] info: "db connected"
[2020-01-07T15:25:57+07:00] info: "Server up..."
[2020-01-07T15:25:57+07:00] info: "http://localhost:3001/"
[2020-01-07T15:25:57+07:00] info: "db connected"
[2020-01-07T15:26:01+07:00] info: "Server up..."
[2020-01-07T15:26:01+07:00] info: "http://localhost:3001/"
[2020-01-07T15:26:01+07:00] info: "db connected"
[2020-01-07T15:26:11+07:00] info: "Server up..."
[2020-01-07T15:26:11+07:00] info: "http://localhost:3001/"
[2020-01-07T15:26:11+07:00] info: "db connected"
[2020-01-07T15:26:14+07:00] info: "Server up..."
[2020-01-07T15:26:14+07:00] info: "http://localhost:3001/"
[2020-01-07T15:26:14+07:00] info: "db connected"
[2020-01-07T15:26:15+07:00] info: "Server up..."
[2020-01-07T15:26:15+07:00] info: "http://localhost:3001/"
[2020-01-07T15:26:15+07:00] info: "db connected"
[2020-01-07T15:26:18+07:00] info: "Server up..."
[2020-01-07T15:26:18+07:00] info: "http://localhost:3001/"
[2020-01-07T15:26:18+07:00] info: "db connected"
[2020-01-07T15:26:24+07:00] info: "Server up..."
[2020-01-07T15:26:24+07:00] info: "http://localhost:3001/"
[2020-01-07T15:26:24+07:00] info: "db connected"
[2020-01-07T15:26:27+07:00] info: "Server up..."
[2020-01-07T15:26:27+07:00] info: "http://localhost:3001/"
[2020-01-07T15:26:27+07:00] info: "db connected"
[2020-01-07T15:26:31+07:00] info: "Server up..."
[2020-01-07T15:26:31+07:00] info: "http://localhost:3001/"
[2020-01-07T15:26:31+07:00] info: "db connected"
[2020-01-07T15:26:33+07:00] info: "Server up..."
[2020-01-07T15:26:33+07:00] info: "http://localhost:3001/"
[2020-01-07T15:26:33+07:00] info: "db connected"
[2020-01-07T15:26:39+07:00] info: "Server up..."
[2020-01-07T15:26:39+07:00] info: "http://localhost:3001/"
[2020-01-07T15:26:39+07:00] info: "db connected"
[2020-01-07T15:26:42+07:00] info: "Server up..."
[2020-01-07T15:26:42+07:00] info: "http://localhost:3001/"
[2020-01-07T15:26:42+07:00] info: "db connected"
[2020-01-07T15:26:47+07:00] info: "Server up..."
[2020-01-07T15:26:47+07:00] info: "http://localhost:3001/"
[2020-01-07T15:26:47+07:00] info: "db connected"
[2020-01-07T15:26:48+07:00] info: "Server up..."
[2020-01-07T15:26:48+07:00] info: "http://localhost:3001/"
[2020-01-07T15:26:48+07:00] info: "db connected"
[2020-01-07T15:26:50+07:00] info: "Server up..."
[2020-01-07T15:26:50+07:00] info: "http://localhost:3001/"
[2020-01-07T15:26:50+07:00] info: "db connected"
[2020-01-07T15:26:58+07:00] info: "Server up..."
[2020-01-07T15:26:58+07:00] info: "http://localhost:3001/"
[2020-01-07T15:26:58+07:00] info: "db connected"
[2020-01-07T15:27:12+07:00] info: "Server up..."
[2020-01-07T15:27:12+07:00] info: "http://localhost:3001/"
[2020-01-07T15:27:12+07:00] info: "db connected"
[2020-01-07T15:27:21+07:00] info: "Server up..."
[2020-01-07T15:27:21+07:00] info: "http://localhost:3001/"
[2020-01-07T15:27:21+07:00] info: "db connected"
[2020-01-07T15:27:28+07:00] info: "Server up..."
[2020-01-07T15:27:28+07:00] info: "http://localhost:3001/"
[2020-01-07T15:27:28+07:00] info: "db connected"
[2020-01-07T15:27:32+07:00] info: "Server up..."
[2020-01-07T15:27:32+07:00] info: "http://localhost:3001/"
[2020-01-07T15:27:32+07:00] info: "db connected"
[2020-01-07T15:27:36+07:00] info: "Server up..."
[2020-01-07T15:27:36+07:00] info: "http://localhost:3001/"
[2020-01-07T15:27:36+07:00] info: "db connected"
[2020-01-07T15:27:52+07:00] info: "Server up..."
[2020-01-07T15:27:52+07:00] info: "http://localhost:3001/"
[2020-01-07T15:27:52+07:00] info: "db connected"
[2020-01-07T15:27:54+07:00] info: "Server up..."
[2020-01-07T15:27:54+07:00] info: "http://localhost:3001/"
[2020-01-07T15:27:54+07:00] info: "db connected"
[2020-01-07T15:27:59+07:00] info: "Server up..."
[2020-01-07T15:27:59+07:00] info: "http://localhost:3001/"
[2020-01-07T15:27:59+07:00] info: "db connected"
[2020-01-07T15:28:06+07:00] info: "Server up..."
[2020-01-07T15:28:06+07:00] info: "http://localhost:3001/"
[2020-01-07T15:28:06+07:00] info: "db connected"
[2020-01-07T15:28:17+07:00] info: "Server up..."
[2020-01-07T15:28:17+07:00] info: "http://localhost:3001/"
[2020-01-07T15:28:17+07:00] info: "db connected"
[2020-01-07T15:28:28+07:00] info: "Server up..."
[2020-01-07T15:28:28+07:00] info: "http://localhost:3001/"
[2020-01-07T15:28:28+07:00] info: "db connected"
[2020-01-07T15:28:35+07:00] info: "Server up..."
[2020-01-07T15:28:35+07:00] info: "http://localhost:3001/"
[2020-01-07T15:28:35+07:00] info: "db connected"
[2020-01-07T15:28:56+07:00] info: "Server up..."
[2020-01-07T15:28:56+07:00] info: "http://localhost:3001/"
[2020-01-07T15:28:56+07:00] info: "db connected"
[2020-01-07T15:29:14+07:00] info: "Server up..."
[2020-01-07T15:29:14+07:00] info: "http://localhost:3001/"
[2020-01-07T15:29:14+07:00] info: "db connected"
[2020-01-07T15:29:21+07:00] info: "Server up..."
[2020-01-07T15:29:21+07:00] info: "http://localhost:3001/"
[2020-01-07T15:29:21+07:00] info: "db connected"
[2020-01-07T15:29:41+07:00] info: "Server up..."
[2020-01-07T15:29:41+07:00] info: "http://localhost:3001/"
[2020-01-07T15:29:41+07:00] info: "db connected"
[2020-01-07T15:30:26+07:00] info: "Server up..."
[2020-01-07T15:30:26+07:00] info: "http://localhost:3001/"
[2020-01-07T15:30:26+07:00] info: "db connected"
[2020-01-07T15:32:18+07:00] info: "Server up..."
[2020-01-07T15:32:18+07:00] info: "http://localhost:3001/"
[2020-01-07T15:32:18+07:00] info: "db connected"
[2020-01-07T15:32:19+07:00] info: "Server up..."
[2020-01-07T15:32:19+07:00] info: "http://localhost:3001/"
[2020-01-07T15:32:19+07:00] info: "db connected"
[2020-01-07T15:32:22+07:00] info: "Server up..."
[2020-01-07T15:32:22+07:00] info: "http://localhost:3001/"
[2020-01-07T15:32:22+07:00] info: "db connected"
[2020-01-07T15:32:24+07:00] info: "Server up..."
[2020-01-07T15:32:24+07:00] info: "http://localhost:3001/"
[2020-01-07T15:32:24+07:00] info: "db connected"
[2020-01-07T15:32:30+07:00] info: "Server up..."
[2020-01-07T15:32:30+07:00] info: "http://localhost:3001/"
[2020-01-07T15:32:30+07:00] info: "db connected"
[2020-01-07T15:32:42+07:00] info: "Server up..."
[2020-01-07T15:32:42+07:00] info: "http://localhost:3001/"
[2020-01-07T15:32:42+07:00] info: "db connected"
[2020-01-07T15:32:44+07:00] info: "Server up..."
[2020-01-07T15:32:44+07:00] info: "http://localhost:3001/"
[2020-01-07T15:32:45+07:00] info: "db connected"
[2020-01-07T15:32:48+07:00] info: "Server up..."
[2020-01-07T15:32:48+07:00] info: "http://localhost:3001/"
[2020-01-07T15:32:48+07:00] info: "db connected"
[2020-01-07T15:32:50+07:00] info: "Server up..."
[2020-01-07T15:32:50+07:00] info: "http://localhost:3001/"
[2020-01-07T15:32:50+07:00] info: "db connected"
[2020-01-07T15:32:53+07:00] info: "Server up..."
[2020-01-07T15:32:53+07:00] info: "http://localhost:3001/"
[2020-01-07T15:32:53+07:00] info: "db connected"
[2020-01-07T15:32:58+07:00] info: "Server up..."
[2020-01-07T15:32:58+07:00] info: "http://localhost:3001/"
[2020-01-07T15:32:58+07:00] info: "db connected"
[2020-01-07T15:33:03+07:00] info: "Server up..."
[2020-01-07T15:33:03+07:00] info: "http://localhost:3001/"
[2020-01-07T15:33:03+07:00] info: "db connected"
[2020-01-07T15:33:06+07:00] info: "Server up..."
[2020-01-07T15:33:06+07:00] info: "http://localhost:3001/"
[2020-01-07T15:33:06+07:00] info: "db connected"
[2020-01-07T15:34:02+07:00] info: "Server up..."
[2020-01-07T15:34:02+07:00] info: "http://localhost:3001/"
[2020-01-07T15:34:02+07:00] info: "db connected"
[2020-01-07T15:34:05+07:00] info: "server is starting cleanup"
[2020-01-07T16:24:46+07:00] info: "Server up..."
[2020-01-07T16:24:46+07:00] info: "http://localhost:3001/"
[2020-01-07T16:24:46+07:00] info: "db connected"
[2020-01-07T16:29:03+07:00] info: "Server up..."
[2020-01-07T16:29:03+07:00] info: "http://localhost:3001/"
[2020-01-07T16:29:03+07:00] info: "db connected"
[2020-01-07T16:29:06+07:00] info: "Server up..."
[2020-01-07T16:29:06+07:00] info: "http://localhost:3001/"
[2020-01-07T16:29:06+07:00] info: "db connected"
[2020-01-07T16:29:30+07:00] info: "Server up..."
[2020-01-07T16:29:30+07:00] info: "http://localhost:3001/"
[2020-01-07T16:29:30+07:00] info: "db connected"
[2020-01-07T16:42:39+07:00] info: "Server up..."
[2020-01-07T16:42:39+07:00] info: "http://localhost:3001/"
[2020-01-07T16:42:39+07:00] info: "db connected"
[2020-01-07T16:42:41+07:00] info: "Server up..."
[2020-01-07T16:42:41+07:00] info: "http://localhost:3001/"
[2020-01-07T16:42:41+07:00] info: "db connected"
[2020-01-07T16:47:06+07:00] info: "Server up..."
[2020-01-07T16:47:06+07:00] info: "http://localhost:3001/"
[2020-01-07T16:47:06+07:00] info: "db connected"
[2020-01-07T16:47:08+07:00] info: "Server up..."
[2020-01-07T16:47:08+07:00] info: "http://localhost:3001/"
[2020-01-07T16:47:08+07:00] info: "db connected"
[2020-01-07T16:47:19+07:00] info: "Server up..."
[2020-01-07T16:47:19+07:00] info: "http://localhost:3001/"
[2020-01-07T16:47:19+07:00] info: "db connected"
[2020-01-07T16:47:20+07:00] info: "Server up..."
[2020-01-07T16:47:20+07:00] info: "http://localhost:3001/"
[2020-01-07T16:47:20+07:00] info: "db connected"
[2020-01-07T16:47:30+07:00] info: "Server up..."
[2020-01-07T16:47:30+07:00] info: "http://localhost:3001/"
[2020-01-07T16:47:30+07:00] info: "db connected"
[2020-01-07T16:47:33+07:00] info: "Server up..."
[2020-01-07T16:47:33+07:00] info: "http://localhost:3001/"
[2020-01-07T16:47:33+07:00] info: "db connected"
[2020-01-07T16:48:14+07:00] info: "server is starting cleanup"
[2020-01-07T16:48:31+07:00] info: "Server up..."
[2020-01-07T16:48:31+07:00] info: "http://localhost:3001/"
[2020-01-07T16:48:31+07:00] info: "db connected"
[2020-01-07T16:50:24+07:00] info: "Server up..."
[2020-01-07T16:50:24+07:00] info: "http://localhost:3001/"
[2020-01-07T16:50:24+07:00] info: "db connected"
[2020-01-07T17:05:24+07:00] info: "Server up..."
[2020-01-07T17:05:24+07:00] info: "http://localhost:3001/"
[2020-01-07T17:05:24+07:00] info: "db connected"
[2020-01-07T17:05:29+07:00] info: "Server up..."
[2020-01-07T17:05:29+07:00] info: "http://localhost:3001/"
[2020-01-07T17:05:29+07:00] info: "db connected"
[2020-01-07T17:12:12+07:00] info: "Server up..."
[2020-01-07T17:12:12+07:00] info: "http://localhost:3001/"
[2020-01-07T17:12:12+07:00] info: "db connected"
[2020-01-07T17:12:14+07:00] info: "server is starting cleanup"
[2020-01-13T10:19:37+07:00] info: "Server up..."
[2020-01-13T10:19:37+07:00] info: "http://localhost:3001/"
[2020-01-13T10:19:37+07:00] info: "db connected"
[2020-01-13T10:23:13+07:00] info: "Server up..."
[2020-01-13T10:23:13+07:00] info: "http://localhost:3001/"
[2020-01-13T10:23:13+07:00] info: "db connected"
[2020-01-13T10:23:14+07:00] info: "Server up..."
[2020-01-13T10:23:14+07:00] info: "http://localhost:3001/"
[2020-01-13T10:23:14+07:00] info: "db connected"
[2020-01-13T10:24:18+07:00] info: "Server up..."
[2020-01-13T10:24:18+07:00] info: "http://localhost:3001/"
[2020-01-13T10:24:18+07:00] info: "db connected"
[2020-01-13T10:25:15+07:00] info: "Server up..."
[2020-01-13T10:25:15+07:00] info: "http://localhost:3001/"
[2020-01-13T10:25:15+07:00] info: "db connected"
[2020-01-13T10:28:13+07:00] info: "Server up..."
[2020-01-13T10:28:13+07:00] info: "http://localhost:3001/"
[2020-01-13T10:28:13+07:00] info: "db connected"
[2020-01-13T10:28:18+07:00] info: "Server up..."
[2020-01-13T10:28:18+07:00] info: "http://localhost:3001/"
[2020-01-13T10:28:18+07:00] info: "db connected"
[2020-01-13T10:28:24+07:00] info: "Server up..."
[2020-01-13T10:28:24+07:00] info: "http://localhost:3001/"
[2020-01-13T10:28:24+07:00] info: "db connected"
[2020-01-13T10:28:31+07:00] info: "Server up..."
[2020-01-13T10:28:31+07:00] info: "http://localhost:3001/"
[2020-01-13T10:28:31+07:00] info: "db connected"
[2020-01-13T10:28:51+07:00] info: "Server up..."
[2020-01-13T10:28:51+07:00] info: "http://localhost:3001/"
[2020-01-13T10:28:51+07:00] info: "db connected"
[2020-01-13T10:28:52+07:00] info: "Server up..."
[2020-01-13T10:28:52+07:00] info: "http://localhost:3001/"
[2020-01-13T10:28:52+07:00] info: "db connected"
[2020-01-13T10:28:57+07:00] info: "Server up..."
[2020-01-13T10:28:57+07:00] info: "http://localhost:3001/"
[2020-01-13T10:28:57+07:00] info: "db connected"
[2020-01-13T10:28:59+07:00] info: "Server up..."
[2020-01-13T10:28:59+07:00] info: "http://localhost:3001/"
[2020-01-13T10:28:59+07:00] info: "db connected"
[2020-01-13T10:29:36+07:00] info: "Server up..."
[2020-01-13T10:29:36+07:00] info: "http://localhost:3001/"
[2020-01-13T10:29:36+07:00] info: "db connected"
[2020-01-13T10:29:38+07:00] info: "Server up..."
[2020-01-13T10:29:38+07:00] info: "http://localhost:3001/"
[2020-01-13T10:29:38+07:00] info: "db connected"
[2020-01-13T10:29:40+07:00] info: "Server up..."
[2020-01-13T10:29:40+07:00] info: "http://localhost:3001/"
[2020-01-13T10:29:40+07:00] info: "db connected"
[2020-01-13T10:29:57+07:00] info: "Server up..."
[2020-01-13T10:29:57+07:00] info: "http://localhost:3001/"
[2020-01-13T10:29:57+07:00] info: "db connected"
[2020-01-13T10:30:18+07:00] info: "Server up..."
[2020-01-13T10:30:18+07:00] info: "http://localhost:3001/"
[2020-01-13T10:30:18+07:00] info: "db connected"
[2020-01-13T10:30:21+07:00] info: "Server up..."
[2020-01-13T10:30:21+07:00] info: "http://localhost:3001/"
[2020-01-13T10:30:21+07:00] info: "db connected"
[2020-01-13T10:30:23+07:00] info: "Server up..."
[2020-01-13T10:30:23+07:00] info: "http://localhost:3001/"
[2020-01-13T10:30:23+07:00] info: "db connected"
[2020-01-13T10:30:28+07:00] info: "Server up..."
[2020-01-13T10:30:28+07:00] info: "http://localhost:3001/"
[2020-01-13T10:30:28+07:00] info: "db connected"
[2020-01-13T10:30:29+07:00] info: "Server up..."
[2020-01-13T10:30:29+07:00] info: "http://localhost:3001/"
[2020-01-13T10:30:29+07:00] info: "db connected"
[2020-01-13T10:30:34+07:00] info: "Server up..."
[2020-01-13T10:30:34+07:00] info: "http://localhost:3001/"
[2020-01-13T10:30:34+07:00] info: "db connected"
[2020-01-13T10:30:50+07:00] info: "Server up..."
[2020-01-13T10:30:50+07:00] info: "http://localhost:3001/"
[2020-01-13T10:30:50+07:00] info: "db connected"
[2020-01-13T10:31:00+07:00] info: "Server up..."
[2020-01-13T10:31:00+07:00] info: "http://localhost:3001/"
[2020-01-13T10:31:00+07:00] info: "db connected"
[2020-01-13T10:31:02+07:00] info: "Server up..."
[2020-01-13T10:31:02+07:00] info: "http://localhost:3001/"
[2020-01-13T10:31:02+07:00] info: "db connected"
[2020-01-13T10:31:21+07:00] info: "Server up..."
[2020-01-13T10:31:21+07:00] info: "http://localhost:3001/"
[2020-01-13T10:31:21+07:00] info: "db connected"
[2020-01-13T10:31:48+07:00] info: "Server up..."
[2020-01-13T10:31:48+07:00] info: "http://localhost:3001/"
[2020-01-13T10:31:48+07:00] info: "db connected"
[2020-01-13T10:31:49+07:00] info: "Server up..."
[2020-01-13T10:31:49+07:00] info: "http://localhost:3001/"
[2020-01-13T10:31:49+07:00] info: "db connected"
[2020-01-13T10:31:59+07:00] info: "Server up..."
[2020-01-13T10:31:59+07:00] info: "http://localhost:3001/"
[2020-01-13T10:31:59+07:00] info: "db connected"
[2020-01-13T10:32:11+07:00] info: "Server up..."
[2020-01-13T10:32:11+07:00] info: "http://localhost:3001/"
[2020-01-13T10:32:11+07:00] info: "db connected"
[2020-01-13T10:32:12+07:00] info: "Server up..."
[2020-01-13T10:32:12+07:00] info: "http://localhost:3001/"
[2020-01-13T10:32:12+07:00] info: "db connected"
[2020-01-13T10:32:17+07:00] info: "server is starting cleanup"
[2020-01-13T11:21:11+07:00] info: "Server up..."
[2020-01-13T11:21:11+07:00] info: "http://localhost:3001/"
[2020-01-13T11:21:11+07:00] info: "db connected"
[2020-01-13T11:21:29+07:00] info: "Server up..."
[2020-01-13T11:21:29+07:00] info: "http://localhost:3001/"
[2020-01-13T11:21:29+07:00] info: "db connected"
[2020-01-13T11:32:34+07:00] info: "Server up..."
[2020-01-13T11:32:34+07:00] info: "http://localhost:3001/"
[2020-01-13T11:32:34+07:00] info: "db connected"
[2020-01-13T11:32:37+07:00] info: "Server up..."
[2020-01-13T11:32:37+07:00] info: "http://localhost:3001/"
[2020-01-13T11:32:37+07:00] info: "db connected"
[2020-01-13T11:32:40+07:00] info: "Server up..."
[2020-01-13T11:32:40+07:00] info: "http://localhost:3001/"
[2020-01-13T11:32:40+07:00] info: "db connected"
[2020-01-13T11:32:41+07:00] info: "Server up..."
[2020-01-13T11:32:41+07:00] info: "http://localhost:3001/"
[2020-01-13T11:32:41+07:00] info: "db connected"
[2020-01-13T11:32:43+07:00] info: "Server up..."
[2020-01-13T11:32:43+07:00] info: "http://localhost:3001/"
[2020-01-13T11:32:43+07:00] info: "db connected"
[2020-01-13T11:32:46+07:00] info: "Server up..."
[2020-01-13T11:32:46+07:00] info: "http://localhost:3001/"
[2020-01-13T11:32:46+07:00] info: "db connected"
[2020-01-13T11:33:18+07:00] info: "Server up..."
[2020-01-13T11:33:18+07:00] info: "http://localhost:3001/"
[2020-01-13T11:33:18+07:00] info: "db connected"
[2020-01-13T11:33:22+07:00] info: "Server up..."
[2020-01-13T11:33:22+07:00] info: "http://localhost:3001/"
[2020-01-13T11:33:22+07:00] info: "db connected"
[2020-01-13T11:33:25+07:00] info: "Server up..."
[2020-01-13T11:33:25+07:00] info: "http://localhost:3001/"
[2020-01-13T11:33:25+07:00] info: "db connected"
[2020-01-13T11:33:27+07:00] info: "Server up..."
[2020-01-13T11:33:27+07:00] info: "http://localhost:3001/"
[2020-01-13T11:33:27+07:00] info: "db connected"
[2020-01-13T11:33:30+07:00] info: "Server up..."
[2020-01-13T11:33:30+07:00] info: "http://localhost:3001/"
[2020-01-13T11:33:30+07:00] info: "db connected"
[2020-01-13T11:33:35+07:00] info: "Server up..."
[2020-01-13T11:33:35+07:00] info: "http://localhost:3001/"
[2020-01-13T11:33:35+07:00] info: "db connected"
[2020-01-13T11:33:37+07:00] info: "Server up..."
[2020-01-13T11:33:37+07:00] info: "http://localhost:3001/"
[2020-01-13T11:33:37+07:00] info: "db connected"
[2020-01-13T11:33:46+07:00] info: "Server up..."
[2020-01-13T11:33:46+07:00] info: "http://localhost:3001/"
[2020-01-13T11:33:46+07:00] info: "db connected"
[2020-01-13T11:35:54+07:00] info: "Server up..."
[2020-01-13T11:35:54+07:00] info: "http://localhost:3001/"
[2020-01-13T11:35:54+07:00] info: "db connected"
[2020-01-13T11:35:55+07:00] info: "Server up..."
[2020-01-13T11:35:55+07:00] info: "http://localhost:3001/"
[2020-01-13T11:35:55+07:00] info: "db connected"
[2020-01-13T11:36:00+07:00] info: "Server up..."
[2020-01-13T11:36:00+07:00] info: "http://localhost:3001/"
[2020-01-13T11:36:00+07:00] info: "db connected"
[2020-01-13T11:36:03+07:00] info: "Server up..."
[2020-01-13T11:36:03+07:00] info: "http://localhost:3001/"
[2020-01-13T11:36:03+07:00] info: "db connected"
[2020-01-13T11:36:09+07:00] info: "Server up..."
[2020-01-13T11:36:09+07:00] info: "http://localhost:3001/"
[2020-01-13T11:36:09+07:00] info: "db connected"
[2020-01-13T11:36:14+07:00] info: "Server up..."
[2020-01-13T11:36:14+07:00] info: "http://localhost:3001/"
[2020-01-13T11:36:14+07:00] info: "db connected"
[2020-01-13T11:36:15+07:00] info: "Server up..."
[2020-01-13T11:36:15+07:00] info: "http://localhost:3001/"
[2020-01-13T11:36:15+07:00] info: "db connected"
[2020-01-13T11:36:16+07:00] info: "Server up..."
[2020-01-13T11:36:16+07:00] info: "http://localhost:3001/"
[2020-01-13T11:36:16+07:00] info: "db connected"
[2020-01-13T11:36:17+07:00] info: "Server up..."
[2020-01-13T11:36:17+07:00] info: "http://localhost:3001/"
[2020-01-13T11:36:17+07:00] info: "db connected"
[2020-01-13T11:37:38+07:00] info: "Server up..."
[2020-01-13T11:37:38+07:00] info: "http://localhost:3001/"
[2020-01-13T11:37:38+07:00] info: "db connected"
[2020-01-13T11:37:40+07:00] info: "Server up..."
[2020-01-13T11:37:40+07:00] info: "http://localhost:3001/"
[2020-01-13T11:37:40+07:00] info: "db connected"
[2020-01-13T11:37:49+07:00] info: "Server up..."
[2020-01-13T11:37:49+07:00] info: "http://localhost:3001/"
[2020-01-13T11:37:49+07:00] info: "db connected"
[2020-01-13T11:37:50+07:00] info: "Server up..."
[2020-01-13T11:37:50+07:00] info: "http://localhost:3001/"
[2020-01-13T11:37:50+07:00] info: "db connected"
[2020-01-13T11:38:03+07:00] info: "Server up..."
[2020-01-13T11:38:03+07:00] info: "http://localhost:3001/"
[2020-01-13T11:38:03+07:00] info: "db connected"
[2020-01-13T11:38:04+07:00] info: "Server up..."
[2020-01-13T11:38:04+07:00] info: "http://localhost:3001/"
[2020-01-13T11:38:04+07:00] info: "db connected"
[2020-01-13T11:38:14+07:00] info: "Server up..."
[2020-01-13T11:38:14+07:00] info: "http://localhost:3001/"
[2020-01-13T11:38:14+07:00] info: "db connected"
[2020-01-13T11:38:21+07:00] info: "Server up..."
[2020-01-13T11:38:21+07:00] info: "http://localhost:3001/"
[2020-01-13T11:38:21+07:00] info: "db connected"
[2020-01-13T11:38:29+07:00] info: "Server up..."
[2020-01-13T11:38:29+07:00] info: "http://localhost:3001/"
[2020-01-13T11:38:29+07:00] info: "db connected"
[2020-01-13T11:38:44+07:00] info: "Server up..."
[2020-01-13T11:38:44+07:00] info: "http://localhost:3001/"
[2020-01-13T11:38:44+07:00] info: "db connected"
[2020-01-13T11:38:48+07:00] info: "Server up..."
[2020-01-13T11:38:48+07:00] info: "http://localhost:3001/"
[2020-01-13T11:38:48+07:00] info: "db connected"
[2020-01-13T11:38:50+07:00] info: "Server up..."
[2020-01-13T11:38:50+07:00] info: "http://localhost:3001/"
[2020-01-13T11:38:50+07:00] info: "db connected"
[2020-01-13T11:38:58+07:00] info: "Server up..."
[2020-01-13T11:38:58+07:00] info: "http://localhost:3001/"
[2020-01-13T11:38:58+07:00] info: "db connected"
[2020-01-13T11:39:02+07:00] info: "Server up..."
[2020-01-13T11:39:02+07:00] info: "http://localhost:3001/"
[2020-01-13T11:39:02+07:00] info: "db connected"
[2020-01-13T11:39:03+07:00] info: "Server up..."
[2020-01-13T11:39:03+07:00] info: "http://localhost:3001/"
[2020-01-13T11:39:03+07:00] info: "db connected"
[2020-01-13T11:39:09+07:00] info: "Server up..."
[2020-01-13T11:39:09+07:00] info: "http://localhost:3001/"
[2020-01-13T11:39:09+07:00] info: "db connected"
[2020-01-13T13:14:17+07:00] info: "Server up..."
[2020-01-13T13:14:17+07:00] info: "http://localhost:3001/"
[2020-01-13T13:14:17+07:00] info: "db connected"
[2020-01-13T13:15:06+07:00] info: "Server up..."
[2020-01-13T13:15:06+07:00] info: "http://localhost:3001/"
[2020-01-13T13:15:06+07:00] info: "db connected"
[2020-01-13T13:15:08+07:00] info: "Server up..."
[2020-01-13T13:15:08+07:00] info: "http://localhost:3001/"
[2020-01-13T13:15:08+07:00] info: "db connected"
[2020-01-13T13:18:47+07:00] info: "server is starting cleanup"
[2020-01-13T13:19:27+07:00] info: "Server up..."
[2020-01-13T13:19:27+07:00] info: "http://localhost:3001/"
[2020-01-13T13:19:27+07:00] info: "db connected"
[2020-01-13T13:19:44+07:00] info: "Server up..."
[2020-01-13T13:19:44+07:00] info: "http://localhost:3001/"
[2020-01-13T13:19:44+07:00] info: "db connected"
[2020-01-13T13:25:01+07:00] info: "Server up..."
[2020-01-13T13:25:01+07:00] info: "http://localhost:3001/"
[2020-01-13T13:25:01+07:00] info: "db connected"
[2020-01-13T13:35:45+07:00] info: "server is starting cleanup"
[2020-01-13T14:16:49+07:00] info: "Server up..."
[2020-01-13T14:16:49+07:00] info: "http://localhost:3001/"
[2020-01-13T14:16:49+07:00] info: "db connected"
[2020-01-13T14:36:12+07:00] info: "server is starting cleanup"
[2020-01-13T15:55:46+07:00] info: "Server up..."
[2020-01-13T15:55:46+07:00] info: "http://localhost:3001/"
[2020-01-13T15:55:46+07:00] info: "db connected"
[2020-01-13T15:56:13+07:00] info: "Server up..."
[2020-01-13T15:56:13+07:00] info: "http://localhost:3001/"
[2020-01-13T15:56:13+07:00] info: "db connected"
[2020-01-14T10:44:37+07:00] info: "Server up..."
[2020-01-14T10:44:37+07:00] info: "http://localhost:3001/"
[2020-01-14T10:44:37+07:00] info: "db connected"
[2020-01-14T10:45:03+07:00] info: "Server up..."
[2020-01-14T10:45:03+07:00] info: "http://localhost:3001/"
[2020-01-14T10:45:03+07:00] info: "db connected"
[2020-01-14T10:45:06+07:00] info: "Server up..."
[2020-01-14T10:45:06+07:00] info: "http://localhost:3001/"
[2020-01-14T10:45:06+07:00] info: "db connected"
[2020-01-14T10:45:10+07:00] info: "Server up..."
[2020-01-14T10:45:10+07:00] info: "http://localhost:3001/"
[2020-01-14T10:45:10+07:00] info: "db connected"
[2020-01-14T10:45:13+07:00] info: "Server up..."
[2020-01-14T10:45:13+07:00] info: "http://localhost:3001/"
[2020-01-14T10:45:13+07:00] info: "db connected"
[2020-01-14T10:45:15+07:00] info: "Server up..."
[2020-01-14T10:45:15+07:00] info: "http://localhost:3001/"
[2020-01-14T10:45:15+07:00] info: "db connected"
[2020-01-14T10:45:18+07:00] info: "Server up..."
[2020-01-14T10:45:18+07:00] info: "http://localhost:3001/"
[2020-01-14T10:45:18+07:00] info: "db connected"
[2020-01-14T10:45:22+07:00] info: "Server up..."
[2020-01-14T10:45:22+07:00] info: "http://localhost:3001/"
[2020-01-14T10:45:22+07:00] info: "db connected"
[2020-01-14T10:45:24+07:00] info: "Server up..."
[2020-01-14T10:45:24+07:00] info: "http://localhost:3001/"
[2020-01-14T10:45:24+07:00] info: "db connected"
[2020-01-14T10:45:27+07:00] info: "Server up..."
[2020-01-14T10:45:27+07:00] info: "http://localhost:3001/"
[2020-01-14T10:45:27+07:00] info: "db connected"
[2020-01-14T10:46:32+07:00] info: "Server up..."
[2020-01-14T10:46:32+07:00] info: "http://localhost:3001/"
[2020-01-14T10:46:32+07:00] info: "db connected"
[2020-01-14T10:56:50+07:00] info: "Server up..."
[2020-01-14T10:56:50+07:00] info: "http://localhost:3001/"
[2020-01-14T10:56:50+07:00] info: "db connected"
[2020-01-14T10:57:58+07:00] info: "Server up..."
[2020-01-14T10:57:58+07:00] info: "http://localhost:3001/"
[2020-01-14T10:57:58+07:00] info: "db connected"
[2020-01-14T10:58:02+07:00] info: "Server up..."
[2020-01-14T10:58:02+07:00] info: "http://localhost:3001/"
[2020-01-14T10:58:02+07:00] info: "db connected"
[2020-01-14T10:58:06+07:00] info: "Server up..."
[2020-01-14T10:58:06+07:00] info: "http://localhost:3001/"
[2020-01-14T10:58:06+07:00] info: "db connected"
[2020-01-14T10:58:10+07:00] info: "Server up..."
[2020-01-14T10:58:10+07:00] info: "http://localhost:3001/"
[2020-01-14T10:58:10+07:00] info: "db connected"
[2020-01-14T10:58:53+07:00] info: "Server up..."
[2020-01-14T10:58:53+07:00] info: "http://localhost:3001/"
[2020-01-14T10:58:53+07:00] info: "db connected"
[2020-01-14T11:02:44+07:00] info: "Server up..."
[2020-01-14T11:02:44+07:00] info: "http://localhost:3001/"
[2020-01-14T11:02:44+07:00] info: "db connected"
[2020-01-14T11:16:23+07:00] info: "Server up..."
[2020-01-14T11:16:23+07:00] info: "http://localhost:3001/"
[2020-01-14T11:16:23+07:00] info: "db connected"
[2020-01-14T11:16:26+07:00] info: "Server up..."
[2020-01-14T11:16:26+07:00] info: "http://localhost:3001/"
[2020-01-14T11:16:26+07:00] info: "db connected"
[2020-01-14T11:16:36+07:00] info: "Server up..."
[2020-01-14T11:16:36+07:00] info: "http://localhost:3001/"
[2020-01-14T11:16:36+07:00] info: "db connected"
[2020-01-14T11:16:40+07:00] info: "Server up..."
[2020-01-14T11:16:40+07:00] info: "http://localhost:3001/"
[2020-01-14T11:16:40+07:00] info: "db connected"
[2020-01-14T11:18:33+07:00] info: "Server up..."
[2020-01-14T11:18:33+07:00] info: "http://localhost:3001/"
[2020-01-14T11:18:33+07:00] info: "db connected"
[2020-01-14T11:18:53+07:00] info: "Server up..."
[2020-01-14T11:18:53+07:00] info: "http://localhost:3001/"
[2020-01-14T11:18:53+07:00] info: "db connected"
[2020-01-14T11:19:21+07:00] info: "Server up..."
[2020-01-14T11:19:21+07:00] info: "http://localhost:3001/"
[2020-01-14T11:19:21+07:00] info: "db connected"
[2020-01-14T11:20:35+07:00] info: "Server up..."
[2020-01-14T11:20:35+07:00] info: "http://localhost:3001/"
[2020-01-14T11:20:35+07:00] info: "db connected"
[2020-01-14T11:20:50+07:00] info: "Server up..."
[2020-01-14T11:20:50+07:00] info: "http://localhost:3001/"
[2020-01-14T11:20:50+07:00] info: "db connected"
[2020-01-14T11:22:16+07:00] info: "Server up..."
[2020-01-14T11:22:16+07:00] info: "http://localhost:3001/"
[2020-01-14T11:22:16+07:00] info: "db connected"
[2020-01-14T11:22:18+07:00] info: "server is starting cleanup"
[2020-01-14T11:22:43+07:00] info: "Server up..."
[2020-01-14T11:22:43+07:00] info: "http://localhost:3001/"
[2020-01-14T11:22:43+07:00] info: "db connected"
[2020-01-14T11:23:28+07:00] info: "Server up..."
[2020-01-14T11:23:28+07:00] info: "http://localhost:3001/"
[2020-01-14T11:23:28+07:00] info: "db connected"
[2020-01-14T11:27:32+07:00] info: "Server up..."
[2020-01-14T11:27:32+07:00] info: "http://localhost:3001/"
[2020-01-14T11:27:32+07:00] info: "db connected"
[2020-01-14T11:29:26+07:00] info: "Server up..."
[2020-01-14T11:29:26+07:00] info: "http://localhost:3001/"
[2020-01-14T11:29:26+07:00] info: "db connected"
[2020-01-14T11:29:29+07:00] info: "Server up..."
[2020-01-14T11:29:29+07:00] info: "http://localhost:3001/"
[2020-01-14T11:29:29+07:00] info: "db connected"
[2020-01-14T11:29:34+07:00] info: "Server up..."
[2020-01-14T11:29:34+07:00] info: "http://localhost:3001/"
[2020-01-14T11:29:34+07:00] info: "db connected"
[2020-01-14T11:29:48+07:00] info: "Server up..."
[2020-01-14T11:29:48+07:00] info: "http://localhost:3001/"
[2020-01-14T11:29:48+07:00] info: "db connected"
[2020-01-14T11:29:53+07:00] info: "Server up..."
[2020-01-14T11:29:53+07:00] info: "http://localhost:3001/"
[2020-01-14T11:29:53+07:00] info: "db connected"
[2020-01-14T11:30:06+07:00] info: "Server up..."
[2020-01-14T11:30:06+07:00] info: "http://localhost:3001/"
[2020-01-14T11:30:06+07:00] info: "db connected"
[2020-01-14T11:31:49+07:00] info: "Server up..."
[2020-01-14T11:31:49+07:00] info: "http://localhost:3001/"
[2020-01-14T11:31:49+07:00] info: "db connected"
[2020-01-14T11:31:50+07:00] info: "Server up..."
[2020-01-14T11:31:51+07:00] info: "http://localhost:3001/"
[2020-01-14T11:31:51+07:00] info: "db connected"
[2020-01-14T11:31:57+07:00] info: "Server up..."
[2020-01-14T11:31:57+07:00] info: "http://localhost:3001/"
[2020-01-14T11:31:57+07:00] info: "db connected"
[2020-01-14T11:32:02+07:00] info: "Server up..."
[2020-01-14T11:32:02+07:00] info: "http://localhost:3001/"
[2020-01-14T11:32:02+07:00] info: "db connected"
[2020-01-14T11:32:08+07:00] info: "Server up..."
[2020-01-14T11:32:08+07:00] info: "http://localhost:3001/"
[2020-01-14T11:32:08+07:00] info: "db connected"
[2020-01-14T11:32:16+07:00] info: "Server up..."
[2020-01-14T11:32:16+07:00] info: "http://localhost:3001/"
[2020-01-14T11:32:16+07:00] info: "db connected"
[2020-01-14T11:32:18+07:00] info: "Server up..."
[2020-01-14T11:32:18+07:00] info: "http://localhost:3001/"
[2020-01-14T11:32:18+07:00] info: "db connected"
[2020-01-14T11:32:23+07:00] info: "Server up..."
[2020-01-14T11:32:23+07:00] info: "http://localhost:3001/"
[2020-01-14T11:32:23+07:00] info: "db connected"
[2020-01-14T11:32:27+07:00] info: "Server up..."
[2020-01-14T11:32:27+07:00] info: "http://localhost:3001/"
[2020-01-14T11:32:27+07:00] info: "db connected"
[2020-01-14T11:32:29+07:00] info: "Server up..."
[2020-01-14T11:32:29+07:00] info: "http://localhost:3001/"
[2020-01-14T11:32:29+07:00] info: "db connected"
[2020-01-14T11:32:30+07:00] info: "Server up..."
[2020-01-14T11:32:30+07:00] info: "http://localhost:3001/"
[2020-01-14T11:32:30+07:00] info: "db connected"
[2020-01-14T11:32:32+07:00] info: "Server up..."
[2020-01-14T11:32:32+07:00] info: "http://localhost:3001/"
[2020-01-14T11:32:32+07:00] info: "db connected"
[2020-01-14T11:32:46+07:00] info: "Server up..."
[2020-01-14T11:32:46+07:00] info: "http://localhost:3001/"
[2020-01-14T11:32:46+07:00] info: "db connected"
[2020-01-14T11:32:50+07:00] info: "Server up..."
[2020-01-14T11:32:50+07:00] info: "http://localhost:3001/"
[2020-01-14T11:32:50+07:00] info: "db connected"
[2020-01-14T11:32:51+07:00] info: "Server up..."
[2020-01-14T11:32:51+07:00] info: "http://localhost:3001/"
[2020-01-14T11:32:51+07:00] info: "db connected"
[2020-01-14T11:32:57+07:00] info: "Server up..."
[2020-01-14T11:32:57+07:00] info: "http://localhost:3001/"
[2020-01-14T11:32:57+07:00] info: "db connected"
[2020-01-14T11:33:16+07:00] info: "Server up..."
[2020-01-14T11:33:16+07:00] info: "http://localhost:3001/"
[2020-01-14T11:33:16+07:00] info: "db connected"
[2020-01-14T11:33:42+07:00] info: "Server up..."
[2020-01-14T11:33:42+07:00] info: "http://localhost:3001/"
[2020-01-14T11:33:42+07:00] info: "db connected"
[2020-01-14T11:33:44+07:00] info: "Server up..."
[2020-01-14T11:33:44+07:00] info: "http://localhost:3001/"
[2020-01-14T11:33:44+07:00] info: "db connected"
[2020-01-14T11:33:47+07:00] info: "Server up..."
[2020-01-14T11:33:47+07:00] info: "http://localhost:3001/"
[2020-01-14T11:33:48+07:00] info: "db connected"
[2020-01-14T11:33:52+07:00] info: "Server up..."
[2020-01-14T11:33:52+07:00] info: "http://localhost:3001/"
[2020-01-14T11:33:52+07:00] info: "db connected"
[2020-01-14T11:33:57+07:00] info: "Server up..."
[2020-01-14T11:33:57+07:00] info: "http://localhost:3001/"
[2020-01-14T11:33:57+07:00] info: "db connected"
[2020-01-14T11:34:03+07:00] info: "Server up..."
[2020-01-14T11:34:03+07:00] info: "http://localhost:3001/"
[2020-01-14T11:34:03+07:00] info: "db connected"
[2020-01-14T11:34:10+07:00] info: "Server up..."
[2020-01-14T11:34:10+07:00] info: "http://localhost:3001/"
[2020-01-14T11:34:10+07:00] info: "db connected"
[2020-01-14T11:34:48+07:00] info: "Server up..."
[2020-01-14T11:34:48+07:00] info: "http://localhost:3001/"
[2020-01-14T11:34:48+07:00] info: "db connected"
[2020-01-14T11:35:56+07:00] info: "Server up..."
[2020-01-14T11:35:56+07:00] info: "http://localhost:3001/"
[2020-01-14T11:35:56+07:00] info: "db connected"
[2020-01-14T11:36:08+07:00] info: "Server up..."
[2020-01-14T11:36:08+07:00] info: "http://localhost:3001/"
[2020-01-14T11:36:08+07:00] info: "db connected"
[2020-01-14T12:00:09+07:00] info: "server is starting cleanup"
[2020-01-16T13:40:01+07:00] info: "Server up..."
[2020-01-16T13:40:01+07:00] info: "http://localhost:3001/"
[2020-01-16T13:40:01+07:00] info: "db connected"
[2020-01-16T13:40:16+07:00] info: "Server up..."
[2020-01-16T13:40:16+07:00] info: "http://localhost:3001/"
[2020-01-16T13:40:16+07:00] info: "db connected"
[2020-01-17T09:50:09+07:00] info: "Server up..."
[2020-01-17T09:50:09+07:00] info: "http://localhost:3001/"
[2020-01-17T09:50:09+07:00] info: "db connected"
[2020-01-17T09:54:51+07:00] info: "Server up..."
[2020-01-17T09:54:51+07:00] info: "http://localhost:3001/"
[2020-01-17T09:54:51+07:00] info: "db connected"
[2020-01-17T09:54:53+07:00] info: "Server up..."
[2020-01-17T09:54:53+07:00] info: "http://localhost:3001/"
[2020-01-17T09:54:53+07:00] info: "db connected"
[2020-01-17T09:56:03+07:00] info: "Server up..."
[2020-01-17T09:56:03+07:00] info: "http://localhost:3001/"
[2020-01-17T09:56:03+07:00] info: "db connected"
[2020-01-17T10:05:48+07:00] info: "server is starting cleanup"
[2020-01-21T13:07:19+07:00] info: "Server up..."
[2020-01-21T13:07:19+07:00] info: "http://localhost:8001/"
[2020-01-21T13:07:19+07:00] info: "db connected"
[2020-01-21T14:03:21+07:00] info: "server is starting cleanup"
[2020-01-21T14:46:10+07:00] info: "Server up..."
[2020-01-21T14:46:10+07:00] info: "http://localhost:8001/"
[2020-01-21T14:46:10+07:00] info: "db connected"
[2020-01-22T08:29:43+07:00] info: "Server up..."
[2020-01-22T08:29:43+07:00] info: "http://localhost:8001/"
[2020-01-22T08:29:43+07:00] info: "db connected"
[2020-01-22T13:04:21+07:00] info: "Server up..."
[2020-01-22T13:04:21+07:00] info: "http://localhost:8001/"
[2020-01-22T13:04:21+07:00] info: "db connected"
[2020-01-22T13:08:45+07:00] info: "Server up..."
[2020-01-22T13:08:45+07:00] info: "http://localhost:8001/"
[2020-01-22T13:08:45+07:00] info: "db connected"
[2020-01-22T13:10:10+07:00] info: "Server up..."
[2020-01-22T13:10:10+07:00] info: "http://localhost:8001/"
[2020-01-22T13:10:10+07:00] info: "db connected"
[2020-01-22T13:10:12+07:00] info: "server is starting cleanup"
[2020-01-22T13:10:22+07:00] info: "Server up..."
[2020-01-22T13:10:22+07:00] info: "http://localhost:8001/"
[2020-01-22T13:10:22+07:00] info: "db connected"
[2020-01-22T13:11:15+07:00] info: "Server up..."
[2020-01-22T13:11:15+07:00] info: "http://localhost:8001/"
[2020-01-22T13:11:15+07:00] info: "db connected"
[2020-01-22T17:12:40+07:00] info: "server is starting cleanup"
[2020-01-23T08:50:58+07:00] info: "Server up..."
[2020-01-23T08:50:58+07:00] info: "http://localhost:8001/"
[2020-01-23T08:50:58+07:00] info: "db connected"
[2020-01-23T11:42:40+07:00] info: "Server up..."
[2020-01-23T11:42:40+07:00] info: "http://localhost:8001/"
[2020-01-23T11:42:40+07:00] info: "db connected"
[2020-01-23T11:42:55+07:00] info: "Server up..."
[2020-01-23T11:42:55+07:00] info: "http://localhost:8001/"
[2020-01-23T11:42:55+07:00] info: "db connected"
[2020-01-23T11:43:04+07:00] info: "Server up..."
[2020-01-23T11:43:04+07:00] info: "http://localhost:8001/"
[2020-01-23T11:43:04+07:00] info: "db connected"
[2020-01-23T11:43:14+07:00] info: "Server up..."
[2020-01-23T11:43:14+07:00] info: "http://localhost:8001/"
[2020-01-23T11:43:14+07:00] info: "db connected"
[2020-01-23T11:43:18+07:00] info: "Server up..."
[2020-01-23T11:43:18+07:00] info: "http://localhost:8001/"
[2020-01-23T11:43:18+07:00] info: "db connected"
[2020-01-23T11:43:19+07:00] info: "Server up..."
[2020-01-23T11:43:19+07:00] info: "http://localhost:8001/"
[2020-01-23T11:43:19+07:00] info: "db connected"
[2020-01-23T11:44:11+07:00] info: "Server up..."
[2020-01-23T11:44:11+07:00] info: "http://localhost:8001/"
[2020-01-23T11:44:11+07:00] info: "db connected"
[2020-01-23T11:44:12+07:00] info: "Server up..."
[2020-01-23T11:44:12+07:00] info: "http://localhost:8001/"
[2020-01-23T11:44:12+07:00] info: "db connected"
[2020-01-23T11:44:18+07:00] info: "Server up..."
[2020-01-23T11:44:18+07:00] info: "http://localhost:8001/"
[2020-01-23T11:44:19+07:00] info: "db connected"
[2020-01-23T11:46:42+07:00] info: "Server up..."
[2020-01-23T11:46:42+07:00] info: "http://localhost:8001/"
[2020-01-23T11:46:42+07:00] info: "db connected"
[2020-01-23T11:47:01+07:00] info: "Server up..."
[2020-01-23T11:47:01+07:00] info: "http://localhost:8001/"
[2020-01-23T11:47:01+07:00] info: "db connected"
[2020-01-23T11:47:05+07:00] info: "Server up..."
[2020-01-23T11:47:05+07:00] info: "http://localhost:8001/"
[2020-01-23T11:47:05+07:00] info: "db connected"
[2020-01-23T11:47:18+07:00] info: "Server up..."
[2020-01-23T11:47:18+07:00] info: "http://localhost:8001/"
[2020-01-23T11:47:18+07:00] info: "db connected"
[2020-01-23T11:47:20+07:00] info: "Server up..."
[2020-01-23T11:47:20+07:00] info: "http://localhost:8001/"
[2020-01-23T11:47:20+07:00] info: "db connected"
[2020-01-23T11:47:53+07:00] info: "Server up..."
[2020-01-23T11:47:53+07:00] info: "http://localhost:8001/"
[2020-01-23T11:47:53+07:00] info: "db connected"
[2020-01-23T11:48:00+07:00] info: "Server up..."
[2020-01-23T11:48:00+07:00] info: "http://localhost:8001/"
[2020-01-23T11:48:00+07:00] info: "db connected"
[2020-01-23T11:48:05+07:00] info: "Server up..."
[2020-01-23T11:48:05+07:00] info: "http://localhost:8001/"
[2020-01-23T11:48:05+07:00] info: "db connected"
[2020-01-23T11:48:10+07:00] info: "Server up..."
[2020-01-23T11:48:10+07:00] info: "http://localhost:8001/"
[2020-01-23T11:48:10+07:00] info: "db connected"
[2020-01-23T11:48:22+07:00] info: "Server up..."
[2020-01-23T11:48:22+07:00] info: "http://localhost:8001/"
[2020-01-23T11:48:22+07:00] info: "db connected"
[2020-01-23T11:48:28+07:00] info: "Server up..."
[2020-01-23T11:48:28+07:00] info: "http://localhost:8001/"
[2020-01-23T11:48:28+07:00] info: "db connected"
[2020-01-23T11:48:33+07:00] info: "Server up..."
[2020-01-23T11:48:33+07:00] info: "http://localhost:8001/"
[2020-01-23T11:48:33+07:00] info: "db connected"
[2020-01-23T11:48:47+07:00] info: "Server up..."
[2020-01-23T11:48:47+07:00] info: "http://localhost:8001/"
[2020-01-23T11:48:47+07:00] info: "db connected"
[2020-01-23T11:49:25+07:00] info: "Server up..."
[2020-01-23T11:49:25+07:00] info: "http://localhost:8001/"
[2020-01-23T11:49:25+07:00] info: "db connected"
[2020-01-23T11:49:31+07:00] info: "Server up..."
[2020-01-23T11:49:31+07:00] info: "http://localhost:8001/"
[2020-01-23T11:49:31+07:00] info: "db connected"
[2020-01-23T11:49:37+07:00] info: "Server up..."
[2020-01-23T11:49:37+07:00] info: "http://localhost:8001/"
[2020-01-23T11:49:37+07:00] info: "db connected"
[2020-01-23T11:49:49+07:00] info: "Server up..."
[2020-01-23T11:49:49+07:00] info: "http://localhost:8001/"
[2020-01-23T11:49:49+07:00] info: "db connected"
[2020-01-23T11:50:01+07:00] info: "Server up..."
[2020-01-23T11:50:01+07:00] info: "http://localhost:8001/"
[2020-01-23T11:50:01+07:00] info: "db connected"
[2020-01-23T11:50:14+07:00] info: "Server up..."
[2020-01-23T11:50:14+07:00] info: "http://localhost:8001/"
[2020-01-23T11:50:15+07:00] info: "db connected"
[2020-01-23T11:50:43+07:00] info: "Server up..."
[2020-01-23T11:50:43+07:00] info: "http://localhost:8001/"
[2020-01-23T11:50:43+07:00] info: "db connected"
[2020-01-23T11:51:26+07:00] info: "Server up..."
[2020-01-23T11:51:26+07:00] info: "http://localhost:8001/"
[2020-01-23T11:51:26+07:00] info: "db connected"
[2020-01-23T11:51:29+07:00] info: "Server up..."
[2020-01-23T11:51:29+07:00] info: "http://localhost:8001/"
[2020-01-23T11:51:29+07:00] info: "db connected"
[2020-01-23T11:51:58+07:00] info: "Server up..."
[2020-01-23T11:51:58+07:00] info: "http://localhost:8001/"
[2020-01-23T11:51:58+07:00] info: "db connected"
[2020-01-23T11:59:17+07:00] info: "Server up..."
[2020-01-23T11:59:17+07:00] info: "http://localhost:8001/"
[2020-01-23T11:59:17+07:00] info: "db connected"
[2020-01-23T11:59:49+07:00] info: "Server up..."
[2020-01-23T11:59:49+07:00] info: "http://localhost:8001/"
[2020-01-23T11:59:49+07:00] info: "db connected"
[2020-01-23T11:59:50+07:00] info: "Server up..."
[2020-01-23T11:59:50+07:00] info: "http://localhost:8001/"
[2020-01-23T11:59:50+07:00] info: "db connected"
[2020-01-23T11:59:55+07:00] info: "Server up..."
[2020-01-23T11:59:55+07:00] info: "http://localhost:8001/"
[2020-01-23T11:59:55+07:00] info: "db connected"
[2020-01-23T11:59:57+07:00] info: "Server up..."
[2020-01-23T11:59:57+07:00] info: "http://localhost:8001/"
[2020-01-23T11:59:57+07:00] info: "db connected"
[2020-01-23T12:00:01+07:00] info: "Server up..."
[2020-01-23T12:00:01+07:00] info: "http://localhost:8001/"
[2020-01-23T12:00:01+07:00] info: "db connected"
[2020-01-23T12:23:24+07:00] info: "Server up..."
[2020-01-23T12:23:24+07:00] info: "http://localhost:8001/"
[2020-01-23T12:23:24+07:00] info: "db connected"
[2020-01-23T12:24:01+07:00] info: "Server up..."
[2020-01-23T12:24:01+07:00] info: "http://localhost:8001/"
[2020-01-23T12:24:01+07:00] info: "db connected"
[2020-01-23T13:00:13+07:00] info: "Server up..."
[2020-01-23T13:00:13+07:00] info: "http://localhost:8001/"
[2020-01-23T13:00:13+07:00] info: "db connected"
[2020-01-23T14:00:23+07:00] info: "Server up..."
[2020-01-23T14:00:23+07:00] info: "http://localhost:8001/"
[2020-01-23T14:00:23+07:00] info: "db connected"
[2020-01-23T17:39:30+07:00] info: "server is starting cleanup"
[2020-01-24T08:18:17+07:00] info: "Server up..."
[2020-01-24T08:18:17+07:00] info: "http://localhost:8001/"
[2020-01-24T08:18:17+07:00] info: "db connected"
[2020-01-24T08:51:48+07:00] info: "Server up..."
[2020-01-24T08:51:48+07:00] info: "http://localhost:8001/"
[2020-01-24T08:51:48+07:00] info: "db connected"
[2020-01-24T08:52:14+07:00] info: "Server up..."
[2020-01-24T08:52:14+07:00] info: "http://localhost:8001/"
[2020-01-24T08:52:14+07:00] info: "db connected"
[2020-01-24T08:53:04+07:00] info: "Server up..."
[2020-01-24T08:53:04+07:00] info: "http://localhost:8001/"
[2020-01-24T08:53:04+07:00] info: "db connected"
[2020-01-24T08:53:34+07:00] info: "Server up..."
[2020-01-24T08:53:34+07:00] info: "http://localhost:8001/"
[2020-01-24T08:53:34+07:00] info: "db connected"
[2020-01-24T08:53:39+07:00] info: "Server up..."
[2020-01-24T08:53:39+07:00] info: "http://localhost:8001/"
[2020-01-24T08:53:39+07:00] info: "db connected"
[2020-01-24T08:54:43+07:00] info: "Server up..."
[2020-01-24T08:54:43+07:00] info: "http://localhost:8001/"
[2020-01-24T08:54:43+07:00] info: "db connected"
[2020-01-24T08:55:08+07:00] info: "Server up..."
[2020-01-24T08:55:08+07:00] info: "http://localhost:8001/"
[2020-01-24T08:55:08+07:00] info: "db connected"
[2020-01-24T08:55:39+07:00] info: "Server up..."
[2020-01-24T08:55:39+07:00] info: "http://localhost:8001/"
[2020-01-24T08:55:39+07:00] info: "db connected"
[2020-01-24T08:55:54+07:00] info: "Server up..."
[2020-01-24T08:55:54+07:00] info: "http://localhost:8001/"
[2020-01-24T08:55:54+07:00] info: "db connected"
[2020-01-24T08:55:57+07:00] info: "Server up..."
[2020-01-24T08:55:57+07:00] info: "http://localhost:8001/"
[2020-01-24T08:55:57+07:00] info: "db connected"
[2020-01-24T08:55:59+07:00] info: "Server up..."
[2020-01-24T08:55:59+07:00] info: "http://localhost:8001/"
[2020-01-24T08:55:59+07:00] info: "db connected"
[2020-01-24T08:56:17+07:00] info: "Server up..."
[2020-01-24T08:56:17+07:00] info: "http://localhost:8001/"
[2020-01-24T08:56:17+07:00] info: "db connected"
[2020-01-24T08:56:41+07:00] info: "Server up..."
[2020-01-24T08:56:41+07:00] info: "http://localhost:8001/"
[2020-01-24T08:56:41+07:00] info: "db connected"
[2020-01-24T10:08:38+07:00] info: "Server up..."
[2020-01-24T10:08:38+07:00] info: "http://localhost:8001/"
[2020-01-24T10:08:38+07:00] info: "db connected"
[2020-01-24T10:08:49+07:00] info: "Server up..."
[2020-01-24T10:08:49+07:00] info: "http://localhost:8001/"
[2020-01-24T10:08:49+07:00] info: "db connected"
[2020-01-24T10:08:59+07:00] info: "Server up..."
[2020-01-24T10:08:59+07:00] info: "http://localhost:8001/"
[2020-01-24T10:08:59+07:00] info: "db connected"
[2020-01-24T10:09:04+07:00] info: "Server up..."
[2020-01-24T10:09:04+07:00] info: "http://localhost:8001/"
[2020-01-24T10:09:04+07:00] info: "db connected"
[2020-01-24T10:09:06+07:00] info: "Server up..."
[2020-01-24T10:09:06+07:00] info: "http://localhost:8001/"
[2020-01-24T10:09:06+07:00] info: "db connected"
[2020-01-24T10:09:08+07:00] info: "Server up..."
[2020-01-24T10:09:08+07:00] info: "http://localhost:8001/"
[2020-01-24T10:09:08+07:00] info: "db connected"
[2020-01-24T10:09:12+07:00] info: "Server up..."
[2020-01-24T10:09:12+07:00] info: "http://localhost:8001/"
[2020-01-24T10:09:13+07:00] info: "db connected"
[2020-01-24T10:09:20+07:00] info: "Server up..."
[2020-01-24T10:09:20+07:00] info: "http://localhost:8001/"
[2020-01-24T10:09:20+07:00] info: "db connected"
[2020-01-24T10:09:29+07:00] info: "Server up..."
[2020-01-24T10:09:29+07:00] info: "http://localhost:8001/"
[2020-01-24T10:09:30+07:00] info: "db connected"
[2020-01-24T10:09:35+07:00] info: "Server up..."
[2020-01-24T10:09:35+07:00] info: "http://localhost:8001/"
[2020-01-24T10:09:35+07:00] info: "db connected"
[2020-01-24T10:09:40+07:00] info: "Server up..."
[2020-01-24T10:09:40+07:00] info: "http://localhost:8001/"
[2020-01-24T10:09:40+07:00] info: "db connected"
[2020-01-24T10:09:48+07:00] info: "Server up..."
[2020-01-24T10:09:48+07:00] info: "http://localhost:8001/"
[2020-01-24T10:09:48+07:00] info: "db connected"
[2020-01-24T10:10:03+07:00] info: "Server up..."
[2020-01-24T10:10:03+07:00] info: "http://localhost:8001/"
[2020-01-24T10:10:03+07:00] info: "db connected"
[2020-01-24T10:10:42+07:00] info: "Server up..."
[2020-01-24T10:10:42+07:00] info: "http://localhost:8001/"
[2020-01-24T10:10:42+07:00] info: "db connected"
[2020-01-24T10:10:49+07:00] info: "Server up..."
[2020-01-24T10:10:49+07:00] info: "http://localhost:8001/"
[2020-01-24T10:10:49+07:00] info: "db connected"
[2020-01-24T10:11:15+07:00] info: "Server up..."
[2020-01-24T10:11:15+07:00] info: "http://localhost:8001/"
[2020-01-24T10:11:15+07:00] info: "db connected"
[2020-01-24T10:12:19+07:00] info: "Server up..."
[2020-01-24T10:12:19+07:00] info: "http://localhost:8001/"
[2020-01-24T10:12:20+07:00] info: "db connected"
[2020-01-24T10:12:25+07:00] info: "Server up..."
[2020-01-24T10:12:25+07:00] info: "http://localhost:8001/"
[2020-01-24T10:12:25+07:00] info: "db connected"
[2020-01-24T10:12:27+07:00] info: "Server up..."
[2020-01-24T10:12:27+07:00] info: "http://localhost:8001/"
[2020-01-24T10:12:27+07:00] info: "db connected"
[2020-01-24T10:12:30+07:00] info: "Server up..."
[2020-01-24T10:12:30+07:00] info: "http://localhost:8001/"
[2020-01-24T10:12:30+07:00] info: "db connected"
[2020-01-24T10:12:33+07:00] info: "Server up..."
[2020-01-24T10:12:33+07:00] info: "http://localhost:8001/"
[2020-01-24T10:12:33+07:00] info: "db connected"
[2020-01-24T10:12:34+07:00] info: "Server up..."
[2020-01-24T10:12:34+07:00] info: "http://localhost:8001/"
[2020-01-24T10:12:34+07:00] info: "db connected"
[2020-01-24T10:12:37+07:00] info: "Server up..."
[2020-01-24T10:12:37+07:00] info: "http://localhost:8001/"
[2020-01-24T10:12:37+07:00] info: "db connected"
[2020-01-24T10:12:51+07:00] info: "Server up..."
[2020-01-24T10:12:51+07:00] info: "http://localhost:8001/"
[2020-01-24T10:12:51+07:00] info: "db connected"
[2020-01-24T10:14:19+07:00] info: "Server up..."
[2020-01-24T10:14:19+07:00] info: "http://localhost:8001/"
[2020-01-24T10:14:19+07:00] info: "db connected"
[2020-01-24T10:14:22+07:00] info: "Server up..."
[2020-01-24T10:14:22+07:00] info: "http://localhost:8001/"
[2020-01-24T10:14:22+07:00] info: "db connected"
[2020-01-24T10:15:33+07:00] info: "Server up..."
[2020-01-24T10:15:33+07:00] info: "http://localhost:8001/"
[2020-01-24T10:15:33+07:00] info: "db connected"
[2020-01-24T10:15:46+07:00] info: "Server up..."
[2020-01-24T10:15:46+07:00] info: "http://localhost:8001/"
[2020-01-24T10:15:46+07:00] info: "db connected"
[2020-01-24T10:15:49+07:00] info: "Server up..."
[2020-01-24T10:15:49+07:00] info: "http://localhost:8001/"
[2020-01-24T10:15:49+07:00] info: "db connected"
[2020-01-24T10:16:27+07:00] info: "Server up..."
[2020-01-24T10:16:27+07:00] info: "http://localhost:8001/"
[2020-01-24T10:16:27+07:00] info: "db connected"
[2020-01-24T10:55:28+07:00] info: "Server up..."
[2020-01-24T10:55:28+07:00] info: "http://localhost:8001/"
[2020-01-24T10:55:28+07:00] info: "db connected"
[2020-01-24T10:55:31+07:00] info: "Server up..."
[2020-01-24T10:55:31+07:00] info: "http://localhost:8001/"
[2020-01-24T10:55:31+07:00] info: "db connected"
[2020-01-24T10:55:33+07:00] info: "Server up..."
[2020-01-24T10:55:33+07:00] info: "http://localhost:8001/"
[2020-01-24T10:55:33+07:00] info: "db connected"
[2020-01-24T10:55:34+07:00] info: "Server up..."
[2020-01-24T10:55:34+07:00] info: "http://localhost:8001/"
[2020-01-24T10:55:34+07:00] info: "db connected"
[2020-01-24T10:55:48+07:00] info: "Server up..."
[2020-01-24T10:55:48+07:00] info: "http://localhost:8001/"
[2020-01-24T10:55:48+07:00] info: "db connected"
[2020-01-24T10:56:06+07:00] info: "Server up..."
[2020-01-24T10:56:06+07:00] info: "http://localhost:8001/"
[2020-01-24T10:56:06+07:00] info: "db connected"
[2020-01-24T10:56:13+07:00] info: "Server up..."
[2020-01-24T10:56:13+07:00] info: "http://localhost:8001/"
[2020-01-24T10:56:13+07:00] info: "db connected"
[2020-01-24T10:56:18+07:00] info: "Server up..."
[2020-01-24T10:56:18+07:00] info: "http://localhost:8001/"
[2020-01-24T10:56:18+07:00] info: "db connected"
[2020-01-24T11:08:32+07:00] info: "Server up..."
[2020-01-24T11:08:32+07:00] info: "http://localhost:8001/"
[2020-01-24T11:08:32+07:00] info: "db connected"
[2020-01-24T11:08:46+07:00] info: "Server up..."
[2020-01-24T11:08:46+07:00] info: "http://localhost:8001/"
[2020-01-24T11:08:46+07:00] info: "db connected"
[2020-01-24T11:08:47+07:00] info: "Server up..."
[2020-01-24T11:08:47+07:00] info: "http://localhost:8001/"
[2020-01-24T11:08:47+07:00] info: "db connected"
[2020-01-24T11:09:35+07:00] info: "Server up..."
[2020-01-24T11:09:35+07:00] info: "http://localhost:8001/"
[2020-01-24T11:09:35+07:00] info: "db connected"
[2020-01-24T11:09:40+07:00] info: "Server up..."
[2020-01-24T11:09:40+07:00] info: "http://localhost:8001/"
[2020-01-24T11:09:40+07:00] info: "db connected"
[2020-01-24T11:12:02+07:00] info: "Server up..."
[2020-01-24T11:12:02+07:00] info: "http://localhost:8001/"
[2020-01-24T11:12:02+07:00] info: "db connected"
[2020-01-24T11:14:22+07:00] info: "Server up..."
[2020-01-24T11:14:22+07:00] info: "http://localhost:8001/"
[2020-01-24T11:14:22+07:00] info: "db connected"
[2020-01-24T11:14:57+07:00] info: "Server up..."
[2020-01-24T11:14:57+07:00] info: "http://localhost:8001/"
[2020-01-24T11:14:57+07:00] info: "db connected"
[2020-01-24T11:15:03+07:00] info: "Server up..."
[2020-01-24T11:15:03+07:00] info: "http://localhost:8001/"
[2020-01-24T11:15:03+07:00] info: "db connected"
[2020-01-24T11:15:20+07:00] info: "Server up..."
[2020-01-24T11:15:20+07:00] info: "http://localhost:8001/"
[2020-01-24T11:15:20+07:00] info: "db connected"
[2020-01-24T11:15:47+07:00] info: "Server up..."
[2020-01-24T11:15:47+07:00] info: "http://localhost:8001/"
[2020-01-24T11:15:47+07:00] info: "db connected"
[2020-01-24T11:16:00+07:00] info: "Server up..."
[2020-01-24T11:16:00+07:00] info: "http://localhost:8001/"
[2020-01-24T11:16:00+07:00] info: "db connected"
[2020-01-24T11:16:07+07:00] info: "Server up..."
[2020-01-24T11:16:07+07:00] info: "http://localhost:8001/"
[2020-01-24T11:16:07+07:00] info: "db connected"
[2020-01-24T11:16:08+07:00] info: "Server up..."
[2020-01-24T11:16:08+07:00] info: "http://localhost:8001/"
[2020-01-24T11:16:08+07:00] info: "db connected"
[2020-01-24T11:16:11+07:00] info: "Server up..."
[2020-01-24T11:16:11+07:00] info: "http://localhost:8001/"
[2020-01-24T11:16:11+07:00] info: "db connected"
[2020-01-24T11:16:18+07:00] info: "Server up..."
[2020-01-24T11:16:18+07:00] info: "http://localhost:8001/"
[2020-01-24T11:16:18+07:00] info: "db connected"
[2020-01-24T13:26:29+07:00] info: "Server up..."
[2020-01-24T13:26:29+07:00] info: "http://localhost:8001/"
[2020-01-24T13:26:29+07:00] info: "db connected"
[2020-01-24T13:36:22+07:00] info: "Server up..."
[2020-01-24T13:36:22+07:00] info: "http://localhost:8001/"
[2020-01-24T13:36:22+07:00] info: "db connected"
[2020-01-24T13:52:09+07:00] info: "Server up..."
[2020-01-24T13:52:09+07:00] info: "http://localhost:8001/"
[2020-01-24T13:52:09+07:00] info: "db connected"
[2020-01-24T13:53:01+07:00] info: "Server up..."
[2020-01-24T13:53:01+07:00] info: "http://localhost:8001/"
[2020-01-24T13:53:01+07:00] info: "db connected"
[2020-01-24T13:53:06+07:00] info: "Server up..."
[2020-01-24T13:53:06+07:00] info: "http://localhost:8001/"
[2020-01-24T13:53:06+07:00] info: "db connected"
[2020-01-24T13:53:09+07:00] info: "Server up..."
[2020-01-24T13:53:09+07:00] info: "http://localhost:8001/"
[2020-01-24T13:53:09+07:00] info: "db connected"
[2020-01-24T13:53:21+07:00] info: "Server up..."
[2020-01-24T13:53:21+07:00] info: "http://localhost:8001/"
[2020-01-24T13:53:21+07:00] info: "db connected"
[2020-01-24T13:53:23+07:00] info: "Server up..."
[2020-01-24T13:53:23+07:00] info: "http://localhost:8001/"
[2020-01-24T13:53:23+07:00] info: "db connected"
[2020-01-24T13:53:32+07:00] info: "Server up..."
[2020-01-24T13:53:32+07:00] info: "http://localhost:8001/"
[2020-01-24T13:53:32+07:00] info: "db connected"
[2020-01-24T13:53:41+07:00] info: "Server up..."
[2020-01-24T13:53:41+07:00] info: "http://localhost:8001/"
[2020-01-24T13:53:41+07:00] info: "db connected"
[2020-01-24T13:53:43+07:00] info: "Server up..."
[2020-01-24T13:53:43+07:00] info: "http://localhost:8001/"
[2020-01-24T13:53:43+07:00] info: "db connected"
[2020-01-24T13:53:47+07:00] info: "Server up..."
[2020-01-24T13:53:47+07:00] info: "http://localhost:8001/"
[2020-01-24T13:53:47+07:00] info: "db connected"
[2020-01-24T13:53:49+07:00] info: "Server up..."
[2020-01-24T13:53:49+07:00] info: "http://localhost:8001/"
[2020-01-24T13:53:49+07:00] info: "db connected"
[2020-01-24T13:53:50+07:00] info: "Server up..."
[2020-01-24T13:53:50+07:00] info: "http://localhost:8001/"
[2020-01-24T13:53:50+07:00] info: "db connected"
[2020-01-24T13:54:11+07:00] info: "Server up..."
[2020-01-24T13:54:11+07:00] info: "http://localhost:8001/"
[2020-01-24T13:54:11+07:00] info: "db connected"
[2020-01-24T13:54:55+07:00] info: "Server up..."
[2020-01-24T13:54:55+07:00] info: "http://localhost:8001/"
[2020-01-24T13:54:55+07:00] info: "db connected"
[2020-01-24T13:55:09+07:00] info: "Server up..."
[2020-01-24T13:55:09+07:00] info: "http://localhost:8001/"
[2020-01-24T13:55:09+07:00] info: "db connected"
[2020-01-24T13:55:18+07:00] info: "Server up..."
[2020-01-24T13:55:18+07:00] info: "http://localhost:8001/"
[2020-01-24T13:55:18+07:00] info: "db connected"
[2020-01-24T13:55:20+07:00] info: "Server up..."
[2020-01-24T13:55:20+07:00] info: "http://localhost:8001/"
[2020-01-24T13:55:20+07:00] info: "db connected"
[2020-01-24T13:55:45+07:00] info: "Server up..."
[2020-01-24T13:55:45+07:00] info: "http://localhost:8001/"
[2020-01-24T13:55:45+07:00] info: "db connected"
[2020-01-24T13:55:47+07:00] info: "Server up..."
[2020-01-24T13:55:47+07:00] info: "http://localhost:8001/"
[2020-01-24T13:55:47+07:00] info: "db connected"
[2020-01-24T13:55:56+07:00] info: "Server up..."
[2020-01-24T13:55:56+07:00] info: "http://localhost:8001/"
[2020-01-24T13:55:56+07:00] info: "db connected"
[2020-01-24T13:56:03+07:00] info: "Server up..."
[2020-01-24T13:56:03+07:00] info: "http://localhost:8001/"
[2020-01-24T13:56:03+07:00] info: "db connected"
[2020-01-24T13:56:09+07:00] info: "Server up..."
[2020-01-24T13:56:09+07:00] info: "http://localhost:8001/"
[2020-01-24T13:56:09+07:00] info: "db connected"
[2020-01-24T13:56:14+07:00] info: "Server up..."
[2020-01-24T13:56:14+07:00] info: "http://localhost:8001/"
[2020-01-24T13:56:14+07:00] info: "db connected"
[2020-01-24T13:56:18+07:00] info: "Server up..."
[2020-01-24T13:56:18+07:00] info: "http://localhost:8001/"
[2020-01-24T13:56:18+07:00] info: "db connected"
[2020-01-24T13:56:28+07:00] info: "Server up..."
[2020-01-24T13:56:28+07:00] info: "http://localhost:8001/"
[2020-01-24T13:56:28+07:00] info: "db connected"
[2020-01-24T13:56:34+07:00] info: "Server up..."
[2020-01-24T13:56:34+07:00] info: "http://localhost:8001/"
[2020-01-24T13:56:34+07:00] info: "db connected"
[2020-01-24T13:56:37+07:00] info: "Server up..."
[2020-01-24T13:56:37+07:00] info: "http://localhost:8001/"
[2020-01-24T13:56:37+07:00] info: "db connected"
[2020-01-24T13:56:42+07:00] info: "Server up..."
[2020-01-24T13:56:42+07:00] info: "http://localhost:8001/"
[2020-01-24T13:56:42+07:00] info: "db connected"
[2020-01-24T13:56:46+07:00] info: "Server up..."
[2020-01-24T13:56:46+07:00] info: "http://localhost:8001/"
[2020-01-24T13:56:46+07:00] info: "db connected"
[2020-01-24T13:56:51+07:00] info: "Server up..."
[2020-01-24T13:56:51+07:00] info: "http://localhost:8001/"
[2020-01-24T13:56:51+07:00] info: "db connected"
[2020-01-24T13:56:56+07:00] info: "Server up..."
[2020-01-24T13:56:56+07:00] info: "http://localhost:8001/"
[2020-01-24T13:56:56+07:00] info: "db connected"
[2020-01-24T14:02:23+07:00] info: "Server up..."
[2020-01-24T14:02:23+07:00] info: "http://localhost:8001/"
[2020-01-24T14:02:23+07:00] info: "db connected"
[2020-01-24T14:02:28+07:00] info: "Server up..."
[2020-01-24T14:02:28+07:00] info: "http://localhost:8001/"
[2020-01-24T14:02:28+07:00] info: "db connected"
[2020-01-24T14:02:30+07:00] info: "Server up..."
[2020-01-24T14:02:30+07:00] info: "http://localhost:8001/"
[2020-01-24T14:02:30+07:00] info: "db connected"
[2020-01-24T14:02:32+07:00] info: "Server up..."
[2020-01-24T14:02:32+07:00] info: "http://localhost:8001/"
[2020-01-24T14:02:32+07:00] info: "db connected"
[2020-01-24T14:02:34+07:00] info: "Server up..."
[2020-01-24T14:02:34+07:00] info: "http://localhost:8001/"
[2020-01-24T14:02:34+07:00] info: "db connected"
[2020-01-24T14:02:36+07:00] info: "Server up..."
[2020-01-24T14:02:36+07:00] info: "http://localhost:8001/"
[2020-01-24T14:02:36+07:00] info: "db connected"
[2020-01-24T14:02:40+07:00] info: "Server up..."
[2020-01-24T14:02:40+07:00] info: "http://localhost:8001/"
[2020-01-24T14:02:40+07:00] info: "db connected"
[2020-01-24T14:02:42+07:00] info: "Server up..."
[2020-01-24T14:02:42+07:00] info: "http://localhost:8001/"
[2020-01-24T14:02:42+07:00] info: "db connected"
[2020-01-24T14:02:44+07:00] info: "Server up..."
[2020-01-24T14:02:44+07:00] info: "http://localhost:8001/"
[2020-01-24T14:02:44+07:00] info: "db connected"
[2020-01-24T14:03:28+07:00] info: "Server up..."
[2020-01-24T14:03:28+07:00] info: "http://localhost:8001/"
[2020-01-24T14:03:28+07:00] info: "db connected"
[2020-01-24T14:03:36+07:00] info: "Server up..."
[2020-01-24T14:03:36+07:00] info: "http://localhost:8001/"
[2020-01-24T14:03:36+07:00] info: "db connected"
[2020-01-24T14:55:35+07:00] info: "Server up..."
[2020-01-24T14:55:35+07:00] info: "http://localhost:8001/"
[2020-01-24T14:55:35+07:00] info: "db connected"
[2020-01-24T14:55:36+07:00] info: "Server up..."
[2020-01-24T14:55:36+07:00] info: "http://localhost:8001/"
[2020-01-24T14:55:36+07:00] info: "db connected"
[2020-01-24T14:55:41+07:00] info: "Server up..."
[2020-01-24T14:55:41+07:00] info: "http://localhost:8001/"
[2020-01-24T14:55:41+07:00] info: "db connected"
[2020-01-24T14:57:01+07:00] info: "Server up..."
[2020-01-24T14:57:01+07:00] info: "http://localhost:8001/"
[2020-01-24T14:57:01+07:00] info: "db connected"
[2020-01-24T14:57:03+07:00] info: "server is starting cleanup"
[2020-01-24T14:58:51+07:00] info: "Server up..."
[2020-01-24T14:58:51+07:00] info: "http://localhost:8001/"
[2020-01-24T14:58:51+07:00] info: "db connected"
[2020-01-24T15:00:36+07:00] info: "Server up..."
[2020-01-24T15:00:36+07:00] info: "http://localhost:8001/"
[2020-01-24T15:00:36+07:00] info: "db connected"
[2020-01-24T15:00:37+07:00] info: "Server up..."
[2020-01-24T15:00:37+07:00] info: "http://localhost:8001/"
[2020-01-24T15:00:37+07:00] info: "db connected"
[2020-01-24T15:58:09+07:00] info: "server is starting cleanup"
